This is pdfTeX, Version 3.14159265-2.6-1.40.19 (TeX Live 2019/dev/Debian) (preloaded format=pdflatex 2018.9.4)  5 SEP 2018 11:11
entering extended mode
 restricted \write18 enabled.
 %&-line parsing enabled.
**principal.tex
(./principal.tex
LaTeX2e <2018-04-01> patch level 5
(/usr/share/texlive/texmf-dist/tex/latex/base/book.cls
Document Class: book 2014/09/29 v1.4h Standard LaTeX document class
(/usr/share/texlive/texmf-dist/tex/latex/base/bk12.clo
File: bk12.clo 2014/09/29 v1.4h Standard LaTeX file (size option)
)
\c@part=\count80
\c@chapter=\count81
\c@section=\count82
\c@subsection=\count83
\c@subsubsection=\count84
\c@paragraph=\count85
\c@subparagraph=\count86
\c@figure=\count87
\c@table=\count88
\abovecaptionskip=\skip41
\belowcaptionskip=\skip42
\bibindent=\dimen102
)
(/usr/share/texlive/texmf-dist/tex/latex/base/inputenc.sty
Package: inputenc 2018/04/06 v1.3b Input encoding file
\inpenc@prehook=\toks14
\inpenc@posthook=\toks15
)
(/usr/share/texlive/texmf-dist/tex/generic/babel/babel.sty
Package: babel 2018/06/05 3.22 The Babel package

(/usr/share/texlive/texmf-dist/tex/generic/babel/switch.def
File: switch.def 2018/06/05 3.22 Babel switching mechanism
)
(/usr/share/texlive/texmf-dist/tex/generic/babel-spanish/spanish.ldf
Language: spanish.ldf 2016/03/03 v5.0p Spanish support from the babel system

(/usr/share/texlive/texmf-dist/tex/generic/babel/babel.def
File: babel.def 2018/06/05 3.22 Babel common definitions
\babel@savecnt=\count89
\U@D=\dimen103

(/usr/share/texlive/texmf-dist/tex/generic/babel/txtbabel.def)
\bbl@dirlevel=\count90
)
\es@quottoks=\toks16
\es@quotdepth=\count91
Package babel Info: Making " an active character on input line 561.
Package babel Info: Making . an active character on input line 662.
Package babel Info: Making < an active character on input line 707.
Package babel Info: Making > an active character on input line 707.
))
(/usr/share/texlive/texmf-dist/tex/latex/hyperref/hyperref.sty
Package: hyperref 2018/02/06 v6.86b Hypertext links for LaTeX

(/usr/share/texlive/texmf-dist/tex/generic/oberdiek/hobsub-hyperref.sty
Package: hobsub-hyperref 2016/05/16 v1.14 Bundle oberdiek, subset hyperref (HO)


(/usr/share/texlive/texmf-dist/tex/generic/oberdiek/hobsub-generic.sty
Package: hobsub-generic 2016/05/16 v1.14 Bundle oberdiek, subset generic (HO)
Package: hobsub 2016/05/16 v1.14 Construct package bundles (HO)
Package: infwarerr 2016/05/16 v1.4 Providing info/warning/error messages (HO)
Package: ltxcmds 2016/05/16 v1.23 LaTeX kernel commands for general use (HO)
Package: ifluatex 2016/05/16 v1.4 Provides the ifluatex switch (HO)
Package ifluatex Info: LuaTeX not detected.
Package: ifvtex 2016/05/16 v1.6 Detect VTeX and its facilities (HO)
Package ifvtex Info: VTeX not detected.
Package: intcalc 2016/05/16 v1.2 Expandable calculations with integers (HO)
Package: ifpdf 2017/03/15 v3.2 Provides the ifpdf switch
Package: etexcmds 2016/05/16 v1.6 Avoid name clashes with e-TeX commands (HO)
Package: kvsetkeys 2016/05/16 v1.17 Key value parser (HO)
Package: kvdefinekeys 2016/05/16 v1.4 Define keys (HO)
Package: pdftexcmds 2018/01/30 v0.27 Utility functions of pdfTeX for LuaTeX (HO
)
Package pdftexcmds Info: LuaTeX not detected.
Package pdftexcmds Info: \pdf@primitive is available.
Package pdftexcmds Info: \pdf@ifprimitive is available.
Package pdftexcmds Info: \pdfdraftmode found.
Package: pdfescape 2016/05/16 v1.14 Implements pdfTeX's escape features (HO)
Package: bigintcalc 2016/05/16 v1.4 Expandable calculations on big integers (HO
)
Package: bitset 2016/05/16 v1.2 Handle bit-vector datatype (HO)
Package: uniquecounter 2016/05/16 v1.3 Provide unlimited unique counter (HO)
)
Package hobsub Info: Skipping package `hobsub' (already loaded).
Package: letltxmacro 2016/05/16 v1.5 Let assignment for LaTeX macros (HO)
Package: hopatch 2016/05/16 v1.3 Wrapper for package hooks (HO)
Package: xcolor-patch 2016/05/16 xcolor patch
Package: atveryend 2016/05/16 v1.9 Hooks at the very end of document (HO)
Package atveryend Info: \enddocument detected (standard20110627).
Package: atbegshi 2016/06/09 v1.18 At begin shipout hook (HO)
Package: refcount 2016/05/16 v3.5 Data extraction from label references (HO)
Package: hycolor 2016/05/16 v1.8 Color options for hyperref/bookmark (HO)
)
(/usr/share/texlive/texmf-dist/tex/latex/graphics/keyval.sty
Package: keyval 2014/10/28 v1.15 key=value parser (DPC)
\KV@toks@=\toks17
)
(/usr/share/texlive/texmf-dist/tex/generic/ifxetex/ifxetex.sty
Package: ifxetex 2010/09/12 v0.6 Provides ifxetex conditional
)
(/usr/share/texlive/texmf-dist/tex/latex/oberdiek/auxhook.sty
Package: auxhook 2016/05/16 v1.4 Hooks for auxiliary files (HO)
)
(/usr/share/texlive/texmf-dist/tex/latex/oberdiek/kvoptions.sty
Package: kvoptions 2016/05/16 v3.12 Key value format for package options (HO)
)
\@linkdim=\dimen104
\Hy@linkcounter=\count92
\Hy@pagecounter=\count93

(/usr/share/texlive/texmf-dist/tex/latex/hyperref/pd1enc.def
File: pd1enc.def 2018/02/06 v6.86b Hyperref: PDFDocEncoding definition (HO)
Now handling font encoding PD1 ...
... no UTF-8 mapping file for font encoding PD1
)
\Hy@SavedSpaceFactor=\count94

(/usr/share/texlive/texmf-dist/tex/latex/latexconfig/hyperref.cfg
File: hyperref.cfg 2002/06/06 v1.2 hyperref configuration of TeXLive
)
Package hyperref Info: Option `colorlinks' set `true' on input line 4383.
Package hyperref Info: Hyper figures OFF on input line 4509.
Package hyperref Info: Link nesting OFF on input line 4514.
Package hyperref Info: Hyper index ON on input line 4517.
Package hyperref Info: Plain pages OFF on input line 4524.
Package hyperref Info: Backreferencing OFF on input line 4529.
Package hyperref Info: Implicit mode ON; LaTeX internals redefined.
Package hyperref Info: Bookmarks ON on input line 4762.
\c@Hy@tempcnt=\count95

(/usr/share/texlive/texmf-dist/tex/latex/url/url.sty
\Urlmuskip=\muskip10
Package: url 2013/09/16  ver 3.4  Verb mode for urls, etc.
)
LaTeX Info: Redefining \url on input line 5115.
\XeTeXLinkMargin=\dimen105
\Fld@menulength=\count96
\Field@Width=\dimen106
\Fld@charsize=\dimen107
Package hyperref Info: Hyper figures OFF on input line 6369.
Package hyperref Info: Link nesting OFF on input line 6374.
Package hyperref Info: Hyper index ON on input line 6377.
Package hyperref Info: backreferencing OFF on input line 6384.
Package hyperref Info: Link coloring ON on input line 6387.
Package hyperref Info: Link coloring with OCG OFF on input line 6394.
Package hyperref Info: PDF/A mode OFF on input line 6399.
LaTeX Info: Redefining \ref on input line 6439.
LaTeX Info: Redefining \pageref on input line 6443.
\Hy@abspage=\count97
\c@Item=\count98
\c@Hfootnote=\count99
)
Package hyperref Info: Driver (autodetected): hpdftex.

(/usr/share/texlive/texmf-dist/tex/latex/hyperref/hpdftex.def
File: hpdftex.def 2018/02/06 v6.86b Hyperref driver for pdfTeX
\Fld@listcount=\count100
\c@bookmark@seq@number=\count101

(/usr/share/texlive/texmf-dist/tex/latex/oberdiek/rerunfilecheck.sty
Package: rerunfilecheck 2016/05/16 v1.8 Rerun checks for auxiliary files (HO)
Package uniquecounter Info: New unique counter `rerunfilecheck' on input line 2
82.
)
\Hy@SectionHShift=\skip43
)
(/usr/share/texlive/texmf-dist/tex/latex/graphics/graphicx.sty
Package: graphicx 2017/06/01 v1.1a Enhanced LaTeX Graphics (DPC,SPQR)

(/usr/share/texlive/texmf-dist/tex/latex/graphics/graphics.sty
Package: graphics 2017/06/25 v1.2c Standard LaTeX Graphics (DPC,SPQR)

(/usr/share/texlive/texmf-dist/tex/latex/graphics/trig.sty
Package: trig 2016/01/03 v1.10 sin cos tan (DPC)
)
(/usr/share/texlive/texmf-dist/tex/latex/graphics-cfg/graphics.cfg
File: graphics.cfg 2016/06/04 v1.11 sample graphics configuration
)
Package graphics Info: Driver file: pdftex.def on input line 99.

(/usr/share/texlive/texmf-dist/tex/latex/graphics-def/pdftex.def
File: pdftex.def 2018/01/08 v1.0l Graphics/color driver for pdftex
))
\Gin@req@height=\dimen108
\Gin@req@width=\dimen109
)
(./principal.aux (./portada/portada.aux)
LaTeX Info: Redefining \. on input line 24.
LaTeX Info: Redefining \% on input line 24.
 (./capitulo1/introduccion.aux)
(./cuestionario/preguntas.aux))
\openout1 = `principal.aux'.

LaTeX Font Info:    Checking defaults for OML/cmm/m/it on input line 6.
LaTeX Font Info:    ... okay on input line 6.
LaTeX Font Info:    Checking defaults for T1/cmr/m/n on input line 6.
LaTeX Font Info:    ... okay on input line 6.
LaTeX Font Info:    Checking defaults for OT1/cmr/m/n on input line 6.
LaTeX Font Info:    ... okay on input line 6.
LaTeX Font Info:    Checking defaults for OMS/cmsy/m/n on input line 6.
LaTeX Font Info:    ... okay on input line 6.
LaTeX Font Info:    Checking defaults for OMX/cmex/m/n on input line 6.
LaTeX Font Info:    ... okay on input line 6.
LaTeX Font Info:    Checking defaults for U/cmr/m/n on input line 6.
LaTeX Font Info:    ... okay on input line 6.
LaTeX Font Info:    Checking defaults for PD1/pdf/m/n on input line 6.
LaTeX Font Info:    ... okay on input line 6.
LaTeX Info: Redefining \. on input line 6.
LaTeX Info: Redefining \% on input line 6.
\AtBeginShipoutBox=\box26

(/usr/share/texlive/texmf-dist/tex/latex/graphics/color.sty
Package: color 2016/07/10 v1.1e Standard LaTeX Color (DPC)

(/usr/share/texlive/texmf-dist/tex/latex/graphics-cfg/color.cfg
File: color.cfg 2016/01/02 v1.6 sample color configuration
)
Package color Info: Driver file: pdftex.def on input line 147.
)
Package hyperref Info: Link coloring ON on input line 6.

(/usr/share/texlive/texmf-dist/tex/latex/hyperref/nameref.sty
Package: nameref 2016/05/21 v2.44 Cross-referencing by name of section

(/usr/share/texlive/texmf-dist/tex/generic/oberdiek/gettitlestring.sty
Package: gettitlestring 2016/05/16 v1.5 Cleanup title references (HO)
)
\c@section@level=\count102
)
LaTeX Info: Redefining \ref on input line 6.
LaTeX Info: Redefining \pageref on input line 6.
LaTeX Info: Redefining \nameref on input line 6.

(./principal.out) (./principal.out)
\@outlinefile=\write3
\openout3 = `principal.out'.


(/usr/share/texlive/texmf-dist/tex/context/base/mkii/supp-pdf.mkii
[Loading MPS to PDF converter (version 2006.09.02).]
\scratchcounter=\count103
\scratchdimen=\dimen110
\scratchbox=\box27
\nofMPsegments=\count104
\nofMParguments=\count105
\everyMPshowfont=\toks18
\MPscratchCnt=\count106
\MPscratchDim=\dimen111
\MPnumerator=\count107
\makeMPintoPDFobject=\count108
\everyMPtoPDFconversion=\toks19
) (/usr/share/texlive/texmf-dist/tex/latex/oberdiek/epstopdf-base.sty
Package: epstopdf-base 2016/05/15 v2.6 Base part for package epstopdf

(/usr/share/texlive/texmf-dist/tex/latex/oberdiek/grfext.sty
Package: grfext 2016/05/16 v1.2 Manage graphics extensions (HO)
)
Package epstopdf-base Info: Redefining graphics rule for `.eps' on input line 4
38.
Package grfext Info: Graphics extension search list:
(grfext)             [.pdf,.png,.jpg,.mps,.jpeg,.jbig2,.jb2,.PDF,.PNG,.JPG,.JPE
G,.JBIG2,.JB2,.eps]
(grfext)             \AppendGraphicsExtensions on input line 456.

(/usr/share/texlive/texmf-dist/tex/latex/latexconfig/epstopdf-sys.cfg
File: epstopdf-sys.cfg 2010/07/13 v1.3 Configuration of (r)epstopdf for TeX Liv
e
))
\openout2 = `portada/portada.aux'.


(./portada/portada.tex
<portada/ipn.jpg, id=16, 184.69pt x 275.0275pt>
File: portada/ipn.jpg Graphic file (type jpg)
<use portada/ipn.jpg>
Package pdftex.def Info: portada/ipn.jpg  used on input line 5.
(pdftex.def)             Requested size: 52.64749pt x 78.39624pt.
LaTeX Font Info:    External font `cmex10' loaded for size
(Font)              <12> on input line 6.
LaTeX Font Info:    External font `cmex10' loaded for size
(Font)              <8> on input line 6.
LaTeX Font Info:    External font `cmex10' loaded for size
(Font)              <6> on input line 6.
<portada/escom.jpg, id=17, 226.8475pt x 181.67876pt>
File: portada/escom.jpg Graphic file (type jpg)
<use portada/escom.jpg>
Package pdftex.def Info: portada/escom.jpg  used on input line 16.
(pdftex.def)             Requested size: 77.99881pt x 62.46854pt.

Overfull \hbox (20.22995pt too wide) in paragraph at lines 3--19
[]$[]$$[]$ $[]$ 
 []

)
Package babel Info: Redefining spanish shorthand <<
(babel)             in language append on input line 9.
Package babel Info: Redefining spanish shorthand >>
(babel)             in language append on input line 9.
Package babel Info: Redefining spanish shorthand "=
(babel)             in language append on input line 9.
Package babel Info: Redefining spanish shorthand "~
(babel)             in language append on input line 9.
Package babel Info: Redefining spanish shorthand "!
(babel)             in language append on input line 9.
Package babel Info: Redefining spanish shorthand "?
(babel)             in language append on input line 9.
Package babel Info: Redefining spanish shorthand <<
(babel)             in language append on input line 9.
Package babel Info: Redefining spanish shorthand >>
(babel)             in language append on input line 9.
Package babel Info: Redefining spanish shorthand "=
(babel)             in language append on input line 9.
Package babel Info: Redefining spanish shorthand "~
(babel)             in language append on input line 9.
Package babel Info: Redefining spanish shorthand "!
(babel)             in language append on input line 9.
Package babel Info: Redefining spanish shorthand "?
(babel)             in language append on input line 9.
 [1



{/var/lib/texmf/fonts/map/pdftex/updmap/pdftex.map} <./portada/ipn.jpg> <./port
ada/escom.jpg>]
Package babel Info: Redefining spanish shorthand <<
(babel)             in language append on input line 10.
Package babel Info: Redefining spanish shorthand >>
(babel)             in language append on input line 10.
Package babel Info: Redefining spanish shorthand "=
(babel)             in language append on input line 10.
Package babel Info: Redefining spanish shorthand "~
(babel)             in language append on input line 10.
Package babel Info: Redefining spanish shorthand "!
(babel)             in language append on input line 10.
Package babel Info: Redefining spanish shorthand "?
(babel)             in language append on input line 10.
Package babel Info: Redefining spanish shorthand <<
(babel)             in language append on input line 10.
Package babel Info: Redefining spanish shorthand >>
(babel)             in language append on input line 10.
Package babel Info: Redefining spanish shorthand "=
(babel)             in language append on input line 10.
Package babel Info: Redefining spanish shorthand "~
(babel)             in language append on input line 10.
Package babel Info: Redefining spanish shorthand "!
(babel)             in language append on input line 10.
Package babel Info: Redefining spanish shorthand "?
(babel)             in language append on input line 10.
 [2


] (./principal.toc
LaTeX Info: Redefining \. on input line 1.
LaTeX Info: Redefining \% on input line 1.
)
\tf@toc=\write4
\openout4 = `principal.toc'.

Package babel Info: Redefining spanish shorthand <<
(babel)             in language append on input line 11.
Package babel Info: Redefining spanish shorthand >>
(babel)             in language append on input line 11.
Package babel Info: Redefining spanish shorthand "=
(babel)             in language append on input line 11.
Package babel Info: Redefining spanish shorthand "~
(babel)             in language append on input line 11.
Package babel Info: Redefining spanish shorthand "!
(babel)             in language append on input line 11.
Package babel Info: Redefining spanish shorthand "?
(babel)             in language append on input line 11.
Package babel Info: Redefining spanish shorthand <<
(babel)             in language append on input line 11.
Package babel Info: Redefining spanish shorthand >>
(babel)             in language append on input line 11.
Package babel Info: Redefining spanish shorthand "=
(babel)             in language append on input line 11.
Package babel Info: Redefining spanish shorthand "~
(babel)             in language append on input line 11.
Package babel Info: Redefining spanish shorthand "!
(babel)             in language append on input line 11.
Package babel Info: Redefining spanish shorthand "?
(babel)             in language append on input line 11.
 [3]
LaTeX Info: Redefining \. on input line 11.
LaTeX Info: Redefining \% on input line 11.
Package babel Info: Redefining spanish shorthand <<
(babel)             in language append on input line 11.
Package babel Info: Redefining spanish shorthand >>
(babel)             in language append on input line 11.
Package babel Info: Redefining spanish shorthand "=
(babel)             in language append on input line 11.
Package babel Info: Redefining spanish shorthand "~
(babel)             in language append on input line 11.
Package babel Info: Redefining spanish shorthand "!
(babel)             in language append on input line 11.
Package babel Info: Redefining spanish shorthand "?
(babel)             in language append on input line 11.
Package babel Info: Redefining spanish shorthand <<
(babel)             in language append on input line 11.
Package babel Info: Redefining spanish shorthand >>
(babel)             in language append on input line 11.
Package babel Info: Redefining spanish shorthand "=
(babel)             in language append on input line 11.
Package babel Info: Redefining spanish shorthand "~
(babel)             in language append on input line 11.
Package babel Info: Redefining spanish shorthand "!
(babel)             in language append on input line 11.
Package babel Info: Redefining spanish shorthand "?
(babel)             in language append on input line 11.
 [4

] (./principal.lof
LaTeX Info: Redefining \. on input line 1.
LaTeX Info: Redefining \% on input line 1.
)
\tf@lof=\write5
\openout5 = `principal.lof'.

Package babel Info: Redefining spanish shorthand <<
(babel)             in language append on input line 12.
Package babel Info: Redefining spanish shorthand >>
(babel)             in language append on input line 12.
Package babel Info: Redefining spanish shorthand "=
(babel)             in language append on input line 12.
Package babel Info: Redefining spanish shorthand "~
(babel)             in language append on input line 12.
Package babel Info: Redefining spanish shorthand "!
(babel)             in language append on input line 12.
Package babel Info: Redefining spanish shorthand "?
(babel)             in language append on input line 12.
Package babel Info: Redefining spanish shorthand <<
(babel)             in language append on input line 12.
Package babel Info: Redefining spanish shorthand >>
(babel)             in language append on input line 12.
Package babel Info: Redefining spanish shorthand "=
(babel)             in language append on input line 12.
Package babel Info: Redefining spanish shorthand "~
(babel)             in language append on input line 12.
Package babel Info: Redefining spanish shorthand "!
(babel)             in language append on input line 12.
Package babel Info: Redefining spanish shorthand "?
(babel)             in language append on input line 12.
 [5]
LaTeX Info: Redefining \. on input line 12.
LaTeX Info: Redefining \% on input line 12.
Package babel Info: Redefining spanish shorthand <<
(babel)             in language append on input line 12.
Package babel Info: Redefining spanish shorthand >>
(babel)             in language append on input line 12.
Package babel Info: Redefining spanish shorthand "=
(babel)             in language append on input line 12.
Package babel Info: Redefining spanish shorthand "~
(babel)             in language append on input line 12.
Package babel Info: Redefining spanish shorthand "!
(babel)             in language append on input line 12.
Package babel Info: Redefining spanish shorthand "?
(babel)             in language append on input line 12.
Package babel Info: Redefining spanish shorthand <<
(babel)             in language append on input line 12.
Package babel Info: Redefining spanish shorthand >>
(babel)             in language append on input line 12.
Package babel Info: Redefining spanish shorthand "=
(babel)             in language append on input line 12.
Package babel Info: Redefining spanish shorthand "~
(babel)             in language append on input line 12.
Package babel Info: Redefining spanish shorthand "!
(babel)             in language append on input line 12.
Package babel Info: Redefining spanish shorthand "?
(babel)             in language append on input line 12.

[6

] (./principal.lot
LaTeX Info: Redefining \. on input line 1.
LaTeX Info: Redefining \% on input line 1.
)
\tf@lot=\write6
\openout6 = `principal.lot'.

Package babel Info: Redefining spanish shorthand <<
(babel)             in language append on input line 14.
Package babel Info: Redefining spanish shorthand >>
(babel)             in language append on input line 14.
Package babel Info: Redefining spanish shorthand "=
(babel)             in language append on input line 14.
Package babel Info: Redefining spanish shorthand "~
(babel)             in language append on input line 14.
Package babel Info: Redefining spanish shorthand "!
(babel)             in language append on input line 14.
Package babel Info: Redefining spanish shorthand "?
(babel)             in language append on input line 14.
Package babel Info: Redefining spanish shorthand <<
(babel)             in language append on input line 14.
Package babel Info: Redefining spanish shorthand >>
(babel)             in language append on input line 14.
Package babel Info: Redefining spanish shorthand "=
(babel)             in language append on input line 14.
Package babel Info: Redefining spanish shorthand "~
(babel)             in language append on input line 14.
Package babel Info: Redefining spanish shorthand "!
(babel)             in language append on input line 14.
Package babel Info: Redefining spanish shorthand "?
(babel)             in language append on input line 14.
 [7]
LaTeX Info: Redefining \. on input line 14.
LaTeX Info: Redefining \% on input line 14.
Package babel Info: Redefining spanish shorthand <<
(babel)             in language append on input line 14.
Package babel Info: Redefining spanish shorthand >>
(babel)             in language append on input line 14.
Package babel Info: Redefining spanish shorthand "=
(babel)             in language append on input line 14.
Package babel Info: Redefining spanish shorthand "~
(babel)             in language append on input line 14.
Package babel Info: Redefining spanish shorthand "!
(babel)             in language append on input line 14.
Package babel Info: Redefining spanish shorthand "?
(babel)             in language append on input line 14.
Package babel Info: Redefining spanish shorthand <<
(babel)             in language append on input line 14.
Package babel Info: Redefining spanish shorthand >>
(babel)             in language append on input line 14.
Package babel Info: Redefining spanish shorthand "=
(babel)             in language append on input line 14.
Package babel Info: Redefining spanish shorthand "~
(babel)             in language append on input line 14.
Package babel Info: Redefining spanish shorthand "!
(babel)             in language append on input line 14.
Package babel Info: Redefining spanish shorthand "?
(babel)             in language append on input line 14.
 [8

]
\openout2 = `capitulo1/introduccion.aux'.

 (./capitulo1/introduccion.tex
Cap\'{\i }tulo 1.
Package babel Info: Redefining spanish shorthand <<
(babel)             in language append on input line 1.
Package babel Info: Redefining spanish shorthand >>
(babel)             in language append on input line 1.
Package babel Info: Redefining spanish shorthand "=
(babel)             in language append on input line 1.
Package babel Info: Redefining spanish shorthand "~
(babel)             in language append on input line 1.
Package babel Info: Redefining spanish shorthand "!
(babel)             in language append on input line 1.
Package babel Info: Redefining spanish shorthand "?
(babel)             in language append on input line 1.
Package babel Info: Redefining spanish shorthand <<
(babel)             in language append on input line 3.
Package babel Info: Redefining spanish shorthand >>
(babel)             in language append on input line 3.
Package babel Info: Redefining spanish shorthand "=
(babel)             in language append on input line 3.
Package babel Info: Redefining spanish shorthand "~
(babel)             in language append on input line 3.
Package babel Info: Redefining spanish shorthand "!
(babel)             in language append on input line 3.
Package babel Info: Redefining spanish shorthand "?
(babel)             in language append on input line 3.
Package babel Info: Redefining spanish shorthand <<
(babel)             in language append on input line 6.
Package babel Info: Redefining spanish shorthand >>
(babel)             in language append on input line 6.
Package babel Info: Redefining spanish shorthand "=
(babel)             in language append on input line 6.
Package babel Info: Redefining spanish shorthand "~
(babel)             in language append on input line 6.
Package babel Info: Redefining spanish shorthand "!
(babel)             in language append on input line 6.
Package babel Info: Redefining spanish shorthand "?
(babel)             in language append on input line 6.
<capitulo1/Web.png, id=67, 120.45pt x 88.33pt>
File: capitulo1/Web.png Graphic file (type png)
<use capitulo1/Web.png>
Package pdftex.def Info: capitulo1/Web.png  used on input line 12.
(pdftex.def)             Requested size: 48.17914pt x 35.33136pt.
)
Package babel Info: Redefining spanish shorthand <<
(babel)             in language append on input line 15.
Package babel Info: Redefining spanish shorthand >>
(babel)             in language append on input line 15.
Package babel Info: Redefining spanish shorthand "=
(babel)             in language append on input line 15.
Package babel Info: Redefining spanish shorthand "~
(babel)             in language append on input line 15.
Package babel Info: Redefining spanish shorthand "!
(babel)             in language append on input line 15.
Package babel Info: Redefining spanish shorthand "?
(babel)             in language append on input line 15.
Package babel Info: Redefining spanish shorthand <<
(babel)             in language append on input line 15.
Package babel Info: Redefining spanish shorthand >>
(babel)             in language append on input line 15.
Package babel Info: Redefining spanish shorthand "=
(babel)             in language append on input line 15.
Package babel Info: Redefining spanish shorthand "~
(babel)             in language append on input line 15.
Package babel Info: Redefining spanish shorthand "!
(babel)             in language append on input line 15.
Package babel Info: Redefining spanish shorthand "?
(babel)             in language append on input line 15.
 [1


 <./capitulo1/Web.png>]
LaTeX Info: Redefining \. on input line 15.
LaTeX Info: Redefining \% on input line 15.
Package babel Info: Redefining spanish shorthand <<
(babel)             in language append on input line 15.
Package babel Info: Redefining spanish shorthand >>
(babel)             in language append on input line 15.
Package babel Info: Redefining spanish shorthand "=
(babel)             in language append on input line 15.
Package babel Info: Redefining spanish shorthand "~
(babel)             in language append on input line 15.
Package babel Info: Redefining spanish shorthand "!
(babel)             in language append on input line 15.
Package babel Info: Redefining spanish shorthand "?
(babel)             in language append on input line 15.
Package babel Info: Redefining spanish shorthand <<
(babel)             in language append on input line 15.
Package babel Info: Redefining spanish shorthand >>
(babel)             in language append on input line 15.
Package babel Info: Redefining spanish shorthand "=
(babel)             in language append on input line 15.
Package babel Info: Redefining spanish shorthand "~
(babel)             in language append on input line 15.
Package babel Info: Redefining spanish shorthand "!
(babel)             in language append on input line 15.
Package babel Info: Redefining spanish shorthand "?
(babel)             in language append on input line 15.
 [2]
\openout2 = `cuestionario/preguntas.aux'.

 (./cuestionario/preguntas.tex)
LaTeX Info: Redefining \. on input line 16.
LaTeX Info: Redefining \% on input line 16.
Package babel Info: Redefining spanish shorthand <<
(babel)             in language append on input line 16.
Package babel Info: Redefining spanish shorthand >>
(babel)             in language append on input line 16.
Package babel Info: Redefining spanish shorthand "=
(babel)             in language append on input line 16.
Package babel Info: Redefining spanish shorthand "~
(babel)             in language append on input line 16.
Package babel Info: Redefining spanish shorthand "!
(babel)             in language append on input line 16.
Package babel Info: Redefining spanish shorthand "?
(babel)             in language append on input line 16.
Package babel Info: Redefining spanish shorthand <<
(babel)             in language append on input line 16.
Package babel Info: Redefining spanish shorthand >>
(babel)             in language append on input line 16.
Package babel Info: Redefining spanish shorthand "=
(babel)             in language append on input line 16.
Package babel Info: Redefining spanish shorthand "~
(babel)             in language append on input line 16.
Package babel Info: Redefining spanish shorthand "!
(babel)             in language append on input line 16.
Package babel Info: Redefining spanish shorthand "?
(babel)             in language append on input line 16.
 [3


]
(./principal.bbl
LaTeX Info: Redefining \. on input line 1.
LaTeX Info: Redefining \% on input line 1.
Package babel Info: Redefining spanish shorthand <<
(babel)             in language append on input line 1.
Package babel Info: Redefining spanish shorthand >>
(babel)             in language append on input line 1.
Package babel Info: Redefining spanish shorthand "=
(babel)             in language append on input line 1.
Package babel Info: Redefining spanish shorthand "~
(babel)             in language append on input line 1.
Package babel Info: Redefining spanish shorthand "!
(babel)             in language append on input line 1.
Package babel Info: Redefining spanish shorthand "?
(babel)             in language append on input line 1.
Package babel Info: Redefining spanish shorthand <<
(babel)             in language append on input line 1.
Package babel Info: Redefining spanish shorthand >>
(babel)             in language append on input line 1.
Package babel Info: Redefining spanish shorthand "=
(babel)             in language append on input line 1.
Package babel Info: Redefining spanish shorthand "~
(babel)             in language append on input line 1.
Package babel Info: Redefining spanish shorthand "!
(babel)             in language append on input line 1.
Package babel Info: Redefining spanish shorthand "?
(babel)             in language append on input line 1.
 [4


])
Package atveryend Info: Empty hook `BeforeClearDocument' on input line 24.
Package babel Info: Redefining spanish shorthand <<
(babel)             in language append on input line 24.
Package babel Info: Redefining spanish shorthand >>
(babel)             in language append on input line 24.
Package babel Info: Redefining spanish shorthand "=
(babel)             in language append on input line 24.
Package babel Info: Redefining spanish shorthand "~
(babel)             in language append on input line 24.
Package babel Info: Redefining spanish shorthand "!
(babel)             in language append on input line 24.
Package babel Info: Redefining spanish shorthand "?
(babel)             in language append on input line 24.
Package babel Info: Redefining spanish shorthand <<
(babel)             in language append on input line 24.
Package babel Info: Redefining spanish shorthand >>
(babel)             in language append on input line 24.
Package babel Info: Redefining spanish shorthand "=
(babel)             in language append on input line 24.
Package babel Info: Redefining spanish shorthand "~
(babel)             in language append on input line 24.
Package babel Info: Redefining spanish shorthand "!
(babel)             in language append on input line 24.
Package babel Info: Redefining spanish shorthand "?
(babel)             in language append on input line 24.
 [5]
Package atveryend Info: Empty hook `AfterLastShipout' on input line 24.
 (./principal.aux (./portada/portada.aux)
LaTeX Info: Redefining \. on input line 24.
LaTeX Info: Redefining \% on input line 24.

(./capitulo1/introduccion.aux) (./cuestionario/preguntas.aux))
Package atveryend Info: Executing hook `AtVeryEndDocument' on input line 24.
Package atveryend Info: Executing hook `AtEndAfterFileList' on input line 24.
Package rerunfilecheck Info: File `principal.out' has not changed.
(rerunfilecheck)             Checksum: 2B90AE63C059707BD447DC9A9FDC9D76;170.
Package atveryend Info: Empty hook `AtVeryVeryEnd' on input line 24.
 ) 
Here is how much of TeX's memory you used:
 6051 strings out of 492645
 88322 string characters out of 6131957
 186911 words of memory out of 5000000
 9821 multiletter control sequences out of 15000+600000
 9500 words of font info for 33 fonts, out of 8000000 for 9000
 1141 hyphenation exceptions out of 8191
 28i,9n,34p,213b,389s stack positions out of 5000i,500n,10000p,200000b,80000s
</usr/share/texlive/texmf-dist/fonts/type1/public/amsfonts/cm/cmbx12.pfb></us
r/share/texlive/texmf-dist/fonts/type1/public/amsfonts/cm/cmcsc10.pfb></usr/sha
re/texlive/texmf-dist/fonts/type1/public/amsfonts/cm/cmr12.pfb></usr/share/texl
ive/texmf-dist/fonts/type1/public/amsfonts/cm/cmr17.pfb></usr/share/texlive/tex
mf-dist/fonts/type1/public/amsfonts/cm/cmsl12.pfb></usr/share/texlive/texmf-dis
t/fonts/type1/public/amsfonts/cm/cmti12.pfb>
Output written on principal.pdf (13 pages, 109855 bytes).
PDF statistics:
 150 PDF objects out of 1000 (max. 8388607)
 123 compressed objects within 2 object streams
 42 named destinations out of 1000 (max. 500000)
 40 words of extra memory for PDF output out of 10000 (max. 10000000)

